[    0000] Initalzi cgrou ssy cpuet[    00000 Initiizg cgrou ssy cpu
[  .00000 Iitalizngcgoup subsys cpuacct
[    0000000] Linux version 4.4.0-112-generic (buildd@lgw01--amd64-010) (gcc version 5.4.0 20160609 (Ubuntu 5.4.0-6ubuntu1~16.04.5) ) #135-Ubuntu SMP Fri Jan 19 11:48:36 UTC 2018 (Ubuntu 4.4.0-112.135-generic 4.4.98)
[    0.000000] Command line: BOOT_IMAGE=/boot/vmlinuz-4.4.0-112-generic root=LABEL=cloudimg-oofso cooltty1cool=tty0
[    0.000000] KERNEL sppte cpus:
[  0.000]  InelenineIte
[   00000   AD AuheticA
   0.0000  Centau CtarHaus    .000] x86/u:xsate_ofs[2:  576, ste_izes[2  6
[  00000] x86/puSupptingXSVE feaur0x1: '87fltingpontegisters
[  0.00000]86fpu: upprtg XSVEfeature 0x02: 'SSE registers'
[    0.000000] x86/fpu: Supporting XSAVE feature 0x04: 'AVX egisters
   0.000000] x8/fu:nabld sttefeatur 0, cotet ze is 83 bes usig 'standard'foat.
[    .0000]86pu: Usnglay' FU onex swihe
[   .0000] e82: OSprovded phycaRAM map:
[    0.000000] BIOS-e820: [mem 0x0000000000000000-0x000000000009fbff] usable
[    0.000000]IOS-e820 [em0x00000000009f0-x000000000009ffff]rerved
   0000000] BOSe8: [mem0x00000000f00000x00000000000fffff] reserved
[    0.000000] BIOS-e820: [mem 0x0000000000100000-0x000000003ffeffff] usable
[    0.000000] BIOS-e820: [mem 0x000000003fff0000-0x000000003fffffff] ACPI data
[    0.000000] BIOS-e820: [mem 0x00000000fec00000-0x00000000fec00fff] reserv
[    0000] BIS-20 [me0x0000000fe000-0000000fe0fff] rseve
    0.00000]BI-e820: [emx000000fc000-000000fffffffreerve
[  0.0000 N (Excute sale) proecio activ
   0.000000] SMBIOS 2.5 present.
[    0.000000] Hypervisor detected: KVM
[    0.000000] e820: last_pfn = 0x3fff0 max_arch_pfn = 0x400000000
[    0.000000] MTRR: Disabled
[    0.000000] x86/PAT: MTRRs disabled, skipping PAT initialization too.
[    0.000000] CPU MTRRs al blnk- irtualzesytem.
[   00000] 6/AT: oniguraion -7: B  W  - C  W  T C- U  [   0.000]foun SP -tabe  [em 000ff0-0x009ff] mapedt [fff80009ff0
   0.000 Scannng aeas orowmemoy rruption[   0.0000] RADIK:[mem 0xad00-0x356ff
[   00000]AC: arl tlechecsuveificaonisabed[   .0000]AC: SDP x00000000E000 0004 v02 BO )
[   0.000] AC: DT 00000003FFF003 0003C(v01VBOX  VBXST 00000001SL 0000061)
[    0.000000] PI FAC 00000003FFF00F0 000F4v0 VBO   VBOXAC 000001 L 000000)[   0.000] API: SD0x000000FF0470 0021FF (v02 VBOX   VBOXBIOS00002 INTL20058)
[  000000]CP FACS 000000FF200 000040
[   0.000 ACP: FACS 0x0000003FFF0200 000040
[    0.000000] ACPI: APIC 0x000000003FFF0240 00005C (v02 VBOX   VBOXAPIC 00000001 ASL  00000061)
[    0.00000]ACI: SSDT x00000FF02 001CC(v1 BO   VBOCPT 00002 TL201028
[    0.000000] No NUMA configuration found
[    0.000000] Faking a node at [mem 0x00000000000000x00000ffffff
  0.0000] NODDAA() allocated [mem 0x3ffeb000-0x3ffeffff]
[    0.000000] kvm-clock: Using msrs 4b564d01 and 4b564d00
[    0.000000] kvm-clock: cpu 0, msr 0:3ffe3001, primary cpu clok[    0000] km-oc: usngchd ofseof336104 cycle
   0000000]clckurce k-clok: msk0xfffffffffff axyces0x1d4e4dfb,axidle_ns: 881590591483 ns
[    0.000000] Zone ranges:
[    0.000000]   DMA      [mem 0x0000000000001000-0x0000000000ffffff]
[    0.000000]   DMA32    [mem 0x0000000001000000-0x000000003ffeffff]
[    0.000000]   Normal   empty
[    0.000000]   Device   empty
[    0.000000] Movable zone start for each node
[    0.000000] Early memory node ranges
[    0.000000]   node   0: [mem 0x0000000000001000-0x000000000009efff]
[    0.000000]   node   0: [mem 0x0000000000100000-0x000000003ffeffff]
[    0.000000] Initmem setup node 0 [mem 0x0000000000001000-0x000000003ffeffff]
[    0.000000] ACPI: PM-Timer IO Port: 0x4008
[    0.000000] IOAPIC[0]: apic_id 2, version 32, address 0xfec00000, GSI 0-23
[    0.000000] ACPI: INT_SRC_OVR (bus 0 bus_irq 0 global_irq 2 dfl dfl)
[    0.000000] ACPI: INT_SRC_OVR (bus 0 bus_irq 9 global_irq 9 low level)
[    0.000000] Using ACPI (MADT) for SMP configuration information
[    0.00000] pboo: loing 2 CPUs, 0 hotplug CPUs
[    0.000000] PM: Registered nosave memory: [mem 0x00000000-0x00000fff]
[    0.000000] PM: Risred nose mory: me0x009f00-0x000ff]
[    0.000000] PM: Registered nosave memory: [mem 0x000a0000-0x000effff]
[    0.000000] PM: Rgited noavmemry: [mm 00f0000-x0ffff]
[  0.00000] e820 [m x400000-febffff]valab fr PC devce
[   .0000] Botg aravrtlied kereln VM
[   .0000] closorc: reind-iffies mk:0xfffff ax_ccls:xffffff mx_idles:6455196002156ns
[    .000] seuperpu: R_US512 nrcpasbits512 nr_u_ds:2 nno_ids:1
[    0.0000] ERCP: beded 4 ge/cpu@ff8003fc000s9544 19d3158 04576   0.000] V qsinckhashabe enri: 256 (ordr:, 096 yts)
[   00000] Bult1 zoneliss in Ndeorer, moily groupngn. Totl ges: 27913
[  0.0000] olicy one DA32    000000] Kernel command line: BOOT_IMAGE=/boot/vmlinuz-4.4.0-112-generic root=LABEL=cloudimg-rootfs ro console=tty1 conse=ttyS
  0.0000 PD ha tbl entris:096 orer3, 3278 byes
[    .000] Meor 10174K/4820K vaabe (8499Kkeelcode 19Krwdata 38Krodaa,508K ini 131K s, 480 reserve,  ca-reseed
[   00000] SLB:Waign=64, Orer-3 MinObecs= CPUs=2 Nes1
[  0.00000] Kernelsepage taleislati: abled
[    0.000000] Hierarchical RCU implemntaton
[    0.000000] 	Build-time adjustment of leaf fanout to 64.
[    0.000000] 	RCU restricting CPUs fro NR_PU=5 to _c_ids=2
[  0.0000] U: Ajuin geoetry fr u_faoulef=64, nrcpuid=2
[   .0000] NIR:3304 _iqs:440 1
[    0.00000]onole:courVGA+ 80x25
[   0.0000] onsoe ty] enabed[   0.0000 cnsol [yS] enabed[    0.000000] tsc: Detected 2303.998 MHz processor
[   15.009098] Calibrating delay loop (skipped) preset value.. 4607.99 BogoMIPS (lpj=9215992)
[   15.157367] pid_max: default: 32768 minimum: 301
[   15.212264] ACPI: Core revision 20150930
[   15.262905] ACPI: 2 ACPI AML tables successfully acquired and loaded
[   15.340758] Security Framework initialized
[   15.401002] Yama: becoming mindful.
[   15.401814] AppArmor: AppArmor initialized
[   15.402768] Dentry cache hash table entries: 131072 (order: 8, 1048576 bytes)
[   15.405488] Inode-cache hash table entries: 65536 (order: 7, 524288 bytes)
[   15.511595] Mount-cache hash table entries: 2048 (order: 2, 16384 bytes)
[   15.566280] Mountpoint-cache hash table entries: 2048 (order: 2, 16384 bytes)
[   15.708224] Initializing cgroup subsys io
[   15.742214] Initializing cgroup subsys memory
[   15.829608] Initializing cgroup subsys devices
[   15.920516] Initializing cgroup subsys freezer
[   16.004899] Initializing cgroup subsys net_cls
[   16.090226] Initializing cgroup subsys perf_event
[   16.176146] Initializing cgroup subsys net_prio
[   16.252908] Initializing cgroup subsys hugetlb
[   16.336649] Initializing cgroup subsys pids
[   16.348776] CPU: Physical Processor ID: 0
[   16.397655] CPU: Processor Core ID: 0
[   16.407149] FEATURE SPEC_CTRL Not Present
[   16.451720] mce: CPU supports 0 MCE banks
[   16.496623] Last level iTLB entries: 4KB 64, 2MB 8, 4MB 8
[   16.594261] Last level dTLB entries: 4KB 64, 2MB 0, 4MB 0, 1GB 4
[   16.695689] Freeing SMP alternatives memory: 32K
[   16.781472] ftrace: allocating 32180 entries in 126 pages
[   16.921925] smpboot: APIC(0) Converting physical 0 to logical package 0
[   17.033395] smpboot: Max logical packages: 1
[   17.081290] x2apic enabled
[   17.128449] Switched APIC routing to physical x2apic.
[   17.221653] ..TIMER: vector=0x30 apic1=0 pin1=2 apic2=-1 pin2=-1
[   17.420402] smpboot: CPU0: Intel(R) Core(TM) i5-7360U CPU @ 2.30GHz (family: 0x6, model: 0x8e, stepping: 0x9)
[   17.566078] Performance Events: unsupported p6 CPU model 142 no PMU driver, software events only.
[   17.654992] KVM setup paravirtual spinlock
[   17.730160] x86: Booting SMP configuration:
[   17.809200] .... node  #0, CPUs:      #1
[   17.809925] kvm-clock: cpu 1, msr 0:3ffe3041, secondary cpu clock
[   17.814719] mce: CPU supports 0 MCE banks
[   17.822283] x86: Booted up 1 node, 2 CPUs
[   17.867453] smpboot: Total of 2 processors activated (9215.99 BogoMIPS)
[   17.925049] devtmpfs: initialized
[   17.960829] evm: security.selinux
[   17.993399] evm: security.SMACK64
[   17.994165] evm: security.SMACK64EXEC
[   18.015271] evm: security.SMACK64TRANSMUTE
[   18.016245] evm: security.SMACK64MMAP
[   18.045961] evm: security.ima
[   18.046573] evm: security.capability
[   18.082483] clocksource: jiffies: mask: 0xffffffff max_cycles: 0xffffffff, max_idle_ns: 7645041785100000 ns
[   18.183832] futex hash table entries: 512 (order: 3, 32768 bytes)
[   18.256881] pinctrl core: initialized pinctrl subsystem
[   18.308205] RTC time: 13:54:18, date: 01/29/18
[   18.355758] NET: Registered protocol family 16
[   18.369187] cpuidle: using governor ladder
[   18.422122] cpuidle: using governor menu
[   18.456594] PCCT header not found.
[   18.476859] ACPI: bus type PCI registered
[   18.477661] acpiphp: ACPI Hot Plug PCI Controller Driver version: 0.5
[   18.478843] PCI: Using configuration type 1 for base access
[   18.534806] ACPI: Added _OSI(Module Device)
[   18.593435] ACPI: Added _OSI(Processor Device)
[   18.645084] ACPI: Added _OSI(3.0 _SCP Extensions)
[   18.676781] ACPI: Added _OSI(Processor Aggregator Device)
[   18.695124] ACPI: Executed 1 blocks of module-level executable AML code
[   18.747674] ACPI: Interpreter enabled
[   18.781044] ACPI: (supports S0 S5)
[   18.790347] ACPI: Using IOAPIC for interrupt routing
[   18.838697] PCI: Using host bridge windows from ACPI; if necessary, use "pci=nocrs" and report a bug
[   18.960637] ACPI: PCI Root Bridge [PCI0] (domain 0000 [bus 00-ff])
[   19.024841] acpi PNP0A03:00: _OSC: OS supports [ASPM ClockPM Segments MSI]
[   19.076877] acpi PNP0A03:00: _OSC: not requesting OS control; OS requires [ExtendedConfig ASPM ClockPM MSI]
[   19.183947] acpi PNP0A03:00: fail to add MMCONFIG information, can't access extended PCI configuration space under this bridge.
[   19.309640] PCI host bridge to bus 0000:00
[   19.350043] pci_bus 0000:00: root bus resource [io  0x0000-0x0cf7 window]
[   19.422423] pci_bus 0000:00: root bus resource [io  0x0d00-0xffff window]
[   19.490203] pci_bus 0000:00: root bus resource [mem 0x000a0000-0x000bffff window]
[   19.547897] pci_bus 0000:00: root bus resource [mem 0x40000000-0xfdffffff window]
[   19.632031] pci_bus 0000:00: root bus resource [bus 00-ff]
[   19.647763] pci 0000:00:01.1: legacy IDE quirk: reg 0x10: [io  0x01f0-0x01f7]
[   19.714380] pci 0000:00:01.1: legacy  DE quirk: reg 0x14: [io  0x03f6]
[   19.751046] pci 0000:00:01.1: legacy IDE quirk: reg 0x18: [io  0x0170-0x0177]
[   19.777938] pci 0000:00:01.1: legacy IDE quirk: reg 0x1c: [io  0x0376]
[   19.799719] pci 0000:00:07.0: quirk: [io  0x4000-0x403f] claimed by PIIX4 ACPI
[   19.842132] pci 0000:00:07.0: quirk: [io  0x4100-0x410f] claimed by PIIX4 SMB
[   19.915677] ACPI: PCI Interrupt Link [LNKA] (IRQs 5 9 10 *11)
[   19.945135] ACPI: PCI Interrupt Link [LNKB] (IRQs 5 9 *10 11)
[   19.958535] ACPI: PCI Interrupt Link [LNKC] (IRQs 5 *9 10 11)
[   19.964316] ACPI: PCI Interrupt Link [LNKD] (IRQs 5 9 10 *11)
[   19.965982] ACPI: Enabled 2 GPEs in block 00 to 07
[   20.002530] vgaarb: setting as boot device: PCI:0000:00:02.0
[   20.028445] vgaarb: device added: PCI:0000:00:02.0,decodes=io+mem,owns=io+mem,locks=none
[   20.030197] vgaarb: loaded
[   20.030862] vgaarb: bridge control possible 0000:00:02.0
[   20.032194] SCSI subsystem initialized
[   20.033188] ACPI: bus type USB registered
[   20.064128] usbcore: registered new interface driver usbfs
[   20.066502] usbcore: registered new interface driver hub
[   20.082454] usbcore: registered new device driver usb
[   20.090910] PCI: Using ACPI for IRQ routing
[   20.125526] NetLabel: Initializing
[   20.159521] NetLabel:  domain hash size = 128
[   20.168295] NetLabel:  protocols = UNLABELED CIPSOv4
[   20.198947] NetLabel:  unlabeled traffic allowed by default
[   20.207145] amd_nb: Cannot enumerate AMD northbridges
[   20.221545] clocksource: Switched to clocksource kvm-clock
[   0.277] pAor AArr ilysem Eabd   20.720691] pnp: PnP ACPI init
[  27693pn: nPCP fnd dvis
[   21.262076] clocksource: acpi_pm: mask: 0xffffff max_cycles: 0xffffff, max_idle_ns: 2085701024 ns
[   21.386791] NET: Registered protocol family 2
[   21.436237] TCP established hash table entries: 8192 (order: 4, 65536 bytes)
[   21.502387] TCP bind hash table entries: 8192 (order: 5, 131072 bytes)
[   21.572726] TCP: Hash tables configured (established 8192 bind 8192)
[   21.626976] UDP hash table entries: 512 (order: 2, 16384 bytes)
[   21.628041] UDP-Lite hash table entries: 512 (order: 2, 16384 bytes)
[   21.629153] NET: Registered protocol family 1
[   21.629981] pci 0000:00:00.0: Limiting direct PCI/PCI transfers
[   21.665607] pci 0000:00:01.0: Activating ISA DMA hang workarounds
[   21.669668] Unpacking initramfs...
[   23.245553] Freeing initrd memory: 10792K
[   23.335571] platform rtc_cmos: registered platform RTC device (no PNP device found)
[   23.487478] Scanning for low memory corruption every 60 seconds
[   23.525257] audit: initializing netlink subsys (disabled)
[   23.556032] audit: type=2000 audit(1517234049.509:1): initialized
[   23.647714] Initialise system trusted keyring
[   23.677077] HugeTLB registered 2 MB page size, pre-allocated 0 pages
[   23.686260] zbud: loaded
[   23.721601] VFS: Disk quotas dquot_6.6.0
[   23.780315] VFS: Dquot-cache hash table entries: 512 (order 0, 4096 bytes)
[   23.830487] squashfs: version 4.0 (2009/01/31) Phillip Lougher
[   23.831885] fuse init (API version 7.23)
[   23.842771] Key type big_key registered
[   23.906925] Allocating IMA MOK and blacklist keyrings.
[   23.940975] Key type asymmetric registered
[   23.984081] Asymmetric key parser 'x509' registered
[   24.056294] Block layer SCSI generic (bsg) driver version 0.4 loaded (major 249)
[   24.186375] io scheduler noop registered
[   24.267977] io scheduler deadline registered (default)
[   24.384941] tsc: Refined TSC clocksource calibration: 2301.350 MHz
[   24.416004] clocksource: tsc: mask: 0xffffffffffffffff max_cycles: 0x212c30827ac, max_idle_ns: 440795315967 ns
[   24.416121] io scheduler cfq registered
[   24.416207] pci_hotplug: PCI Hot Plug PCI Core version: 0.5
[   24.416211] pciehp: PCI Express Hot Plug Controller Driver version: 0.4
[   24.416445] ACPI: AC Adapter [AC] (on-line)
[   24.416485] input: Power Button as /devices/LNXSYSTM:00/LNXPWRBN:00/input/input0
[   24.416487] ACPI: Power Button [PWRF]
[   24.416538] input: Sleep Button as /devices/LNXSYSTM:00/LNXSLPBN:00/input/input1
[   24.416540] ACPI: Sleep Button [SLPF]
[   24.468653] GHES: HEST is not enabled!
[   24.469493] ACPI: Battery Slot [BAT0] (battery present)
[   24.553607] Serial: 8250/16550 driver, 32 ports, IRQ sharing enabled
[   24.671378] 00:02: ttyS0 at I/O 0x3f8 (irq = 4, base_baud = 115200) is a 16550A
[   24.728086] Linux agpgart interface v0.103
[   24.737567] loop: module loaded
[   24.737974] scsi host0: ata_piix
[   24.738014] scsi host1: ata_piix
[   24.738035] ata1: PATA max UDMA/33 cmd 0x1f0 ctl 0x3f6 bmdma 0xd000 irq 14
[   24.738035] ata2: PATA max UDMA/33 cmd 0x170 ctl 0x376 bmdma 0xd008 irq 15
[   24.738085] libphy: Fixed MDIO Bus: probed
[   24.738086] tun: Universal TUN/TAP device driver, 1.6
[   24.738087] tun: (C) 1999-2004 Max Krasnyansky <maxk@qualcomm.com>
[   24.738332] PPP generic driver version 2.4.2
[   24.738371] ehci_hcd: USB 2.0 'Enhanced' Host Controller (EHCI) Driver
[   24.738373] ehci-pci: EHCI PCI platform driver
[   24.738383] ehci-platform: EHCI generic platform driver
[   24.738390] ohci_hcd: USB 1.1 'Open' Host Controller (OHCI) Driver
[   24.738392] ohci-pci: OHCI PCI platform driver
[   24.738397] ohci-platform: OHCI generic platform driver
[   24.738401] uhci_hcd: USB Universal Host Controller Interface driver
[   24.738440] i8042: PNP: PS/2 Controller [PNP0303:PS2K,PNP0f03:PS2M] at 0x60,0x64 irq 1,12
[   24.738830] serio: i8042 KBD port at 0x60,0x64 irq 1
[   24.738833] serio: i8042 AUX port at 0x60,0x64 irq 12
[   24.738901] mousedev: PS/2 mouse device common for all mice
[   24.739101] input: AT Translated Set 2 keyboard as /devices/platform/i8042/serio0/input/input2
[   24.739370] rtc_cmos rtc_cmos: rtc core: registered rtc_cmos as rtc0
[   24.739412] rtc_cmos rtc_cmos: alarms up to one day, 114 bytes nvram
[   24.739416] i2c /dev entries driver
[   24.739456] device-mapper: uevent: version 1.0.3
[   24.739496] device-mapper: ioctl: 4.34.0-ioctl (2015-10-28) initialised: dm-devel@redhat.com
[   24.739510] ledtrig-cpu: registered to indicate activity on CPUs
[   24.739906] NET: Registered protocol family 10
[   24.740018] NET: Registered protocol family 17
[   24.740028] Key type dns_resolver registered
[   24.740126] microcode: CPU0 sig=0x806e9, pf=0x2, revision=0x0
[   24.750307] microcode: CPU1 sig=0x806e9, pf=0x2, revision=0x0
[   24.750335] microcode: Microcode Update Driver: v2.01 <tigran@aivazian.fsnet.co.uk>, Peter Oruba
[   24.750431] registered taskstats version 1
[   24.750441] Loading compiled-in X.509 certificates
[   24.750898] Loaded X.509 cert 'Build time autogenerated kernel key: 4c603087bab8f0a02cb3b4e1fb4c40f507e71ef1'
[   24.750912] zswap: loaded using pool lzo/zbud
[   24.752484] Key type trusted registered
[   24.754847] Key type encrypted registered
[   24.754852] AppArmor: AppArmor sha1 policy hashing enabled
[   24.754855] ima: No TPM chip found, activating TPM-bypass!
[   24.754872] evm: HMAC attrs: 0x1
[   24.755079]   Magic number: 2:418:939
[   24.758535] rtc_cmos rtc_cmos: setting system clock to 2018-01-29 13:54:25 UTC (1517234065)
[   24.758602] BIOS EDD facility v0.16 2004-Jun-25, 0 devices found
[   24.758602] EDD information not available.
[   27.433118] Freeing unused kernel memory: 1508K
[   28.309887] Write protecting the kernel read-only data: 14336k
[   28.390931] Freeing unused kernel memory: 1728K
[   28.394654] Freeing unused kernel memory: 108K
Loading, please wait...
[   28.407347] random: systemd-udevd: uninitialized urandom read (16 bytes read, 7 bits of entropy available)
starting version[   28.407894] random: udevadm: uninitialized urandom read (16 bytes read, 7 bits of entropy available)
 229
[   28.407913] random: udevadm: uninitialized urandom read (16 bytes read, 7 bits of entropy available)
[   28.416947] random: udevadm: uninitialized urandom read (16 bytes read, 7 bits of entropy available)
[   28.416989] random: udevadm: uninitialized urandom read (16 bytes read, 7 bits of entropy available)
[   28.417127] random: udevadm: uninitialized urandom read (16 bytes read, 7 bits of entropy available)
[   28.417180] random: udevadm: uninitialized urandom read (16 bytes read, 7 bits of entropy available)
[   28.417233] random: udevadm: uninitialized urandom read (16 bytes read, 7 bits of entropy available)
[   28.417288] random: udevadm: uninitialized urandom read (16 bytes read, 7 bits of entropy available)
[   28.417340] random: udevadm: uninitialized urandom read (16 bytes read, 7 bits of entropy available)
[   29.488985] e1000: Intel(R) PRO/1000 Network Driver - version 7.3.21-k8-NAPI
[   29.519080] e1000: Copyright (c) 1999-2006 Intel Corporation.
[   29.550663] Fusion MPT base driver 3.04.20
[   29.555664] Copyright (c) 1999-2008 LSI Corporation
[   29.571687] AVX2 version of gcm_enc/dec engaged.
[   29.599838] AES CTR mode by8 optimization enabled
[   29.630884] Fusion MPT SPI Host driver 3.04.20
[   29.824596] input: ImExPS/2 Generic Explorer Mouse as /devices/platform/i8042/serio1/input/input4
[   29.938592] e1000 0000:00:03.0 eth0: (PCI:33MHz:32-bit) 02:1f:2a:60:99:e3
[   29.957104] e1000 0000:00:03.0 eth0: Intel(R) PRO/1000 Network Connection
[   29.992393] e1000 0000:00:03.0 enp0s3: renamed from eth0
[   30.067111] mptbase: ioc0: Initiating bringup
[   30.207030] ioc0: LSI53C1030 A0: Capabilities={Initiator}
[   31.558154] scsi host2: ioc0: LSI53C1030 A0, FwRev=00000000h, Ports=1, MaxQ=256, IRQ=20
[   31.846637] scsi 2:0:0:0: Direct-Access     VBOX     HARDDISK         1.0  PQ: 0 ANSI: 5
[   31.920011] scsi target2:0:0: Beginning Domain Validation
[   31.957118] scsi target2:0:0: Domain Validation skipping write tests
[   31.977641] scsi target2:0:0: Ending Domain Validation
[   32.035601] scsi target2:0:0: asynchronous
[   32.096997] scsi 2:0:1:0: Direct-Access     VBOX     HARDDISK         1.0  PQ: 0 ANSI: 5
[   32.671844] scsi target2:0:1: Beginning Domain Validation
[   32.671870] floppy0: no floppy controllers found
[   32.671909] work still pending
[   32.859575] scsi target2:0:1: Domain Validation skipping write tests
[   32.892560] scsi target2:0:1: Ending Domain Validation
[   32.893528] scsi target2:0:1: asynchronous
[   32.953010] sd 2:0:0:0: Attached scsi generic sg0 type 0
[   33.022821] sd 2:0:1:0: [sdb] 20480 512-byte logical blocks: (10.5 MB/10.0 MiB)
[   33.022973] sd 2:0:0:0: [sda] 20971520 512-byte logical blocks: (10.7 GB/10.0 GiB)
[   33.106214] sd 2:0:1:0: Attached scsi generic sg1 type 0
[   33.171863] sd 2:0:0:0: [sda] Write Protect is off
[   33.204810] sd 2:0:1:0: [sdb] Write Protect is off
[   33.215310] sd 2:0:0:0: [sda] Incomplete mode parameter data
[   33.265876] sd 2:0:0:0: [sda] Assuming drive cache: write through
[   33.270598] sd 2:0:1:0: [sdb] Incomplete mode parameter data
[   33.270600] sd 2:0:1:0: [sdb] Assuming drive cache: write through
[   33.272117] sd 2:0:1:0: [sdb] Attached SCSI disk
[   33.535940]  sda: sda1
[   33.594260] sd 2:0:0:0: [sda] Attached SCSI disk
Begin: Loading e[   34.933844] md: linear personality registered for level -1
ssential drivers[   35.030648] md: multipath personality registered for level -4
 ... [   35.139128] md: raid0 personality registered for level 0
[   35.150621] md: raid1 personality registered for level 1
[   35.294033] raid6: sse2x1   gen() 11509 MB/s
[   35.401945] raid6: sse2x1   xor()  8149 MB/s
[   35.537768] raid6: sse2x2   gen() 13566 MB/s
[   35.645663] raid6: sse2x2   xor()  9837 MB/s
[   35.781729] raid6: sse2x4   gen() 16540 MB/s
[   35.873745] raid6: sse2x4   xor() 11545 MB/s
[   36.005640] raid6: avx2x1   gen() 22471 MB/s
[   36.133636] raid6: avx2x2   gen() 19272 MB/s
[   36.261789] raid6: avx2x4   gen() 28089 MB/s
[   36.323190] raid6: using algorithm avx2x4 gen() 28089 MB/s
[   36.407746] raid6: using avx2x2 recovery algorithm
[   36.431725] xor: automatically using best checksumming function:
[   36.570494]    avx       : 40397.000 MB/sec
[   36.609469] async_tx: api initialized (async)
[   36.669902] md: raid6 personality registered for level 6
[   36.728067] md: raid5 personality registered for level 5
[   36.810698] md: raid4 personality registered for level 4
[   36.864345] md: raid10 personality registered for level 10
done.
Begin: Running /scripts/init-premount ... done.
Begin: M[   36.984592] Btrfs loaded
ounting root file system ... Beg[   37.051508] EXT4-fs (sda1): mounted filesystem with ordered data mode. Opts: (null)
in: Running /scripts/local-top ... done.
Begin: Running /scripts/local-premount ... Scanning for Btrfs filesystems
done.
Warning: fsck not present, so skipping root file system
done.
Begin: Running /scripts/local-bottom ... done.
Begin: Running /scripts/init-bottom ... done.
[   37.356695] systemd[1]: systemd 229 running in system mode. (+PAM +AUDIT +SELINUX +IMA +APPARMOR +SMACK +SYSVINIT +UTMP +LIBCRYPTSETUP +GCRYPT +GNUTLS +ACL +XZ -LZ4 +SECCOMP +BLKID +ELFUTILS +KMOD -IDN)
[   37.501454] systemd[1]: Detected virtualization oracle.
[   37.550363] systemd[1]: Detected architecture x86-64.

Welcome to [1mUbuntu 16.04.3 LTS[0m!

[ 37.6526]syem1]Sehona t<untu>.

[   38.162166] systemd[1]: Initializing machine ID from random generator.
[   38.246692] systemd[1]: Installed transient /etc/machine-id file.
[   38.348714] random: nonblocking pool is initialized
[   38.437549] systemd[1]: Listening on Journal Socket.
[[0;32m  OK  [0m] Listening on Journal Socket.
[   38.439663] systemd[1]: Created slice System Slice.
[[0;32m  OK  [0m] Created slice System Slice.
[   38.454476] systemd[1]: Starting Nameserver information manager...
         Starting Nameserver information manager...
[   38.530354] systemd[1]: Mounting POSIX Message Queue File System...
         Mounting POSIX Message Queue File System...
[   38.694451] systemd[1]: Starting Uncomplicated firewall...
         Starting Uncomplicated firewall...
[ 38341]ysmd]:taedorrdasorReuetsto Wll Dreto Wtch.

[[0;32m  OK  [0m] Started Forward Password Requests to Wall Directory Watch.
[   39.734330] systemd[1: stening on LVM2 poll daemon socket.
[[0;32m  OK  [0m] Listening on LVM2 poll daemon socket.
[   39.946373] systemd[1]: Starting Remount Root and Kernel File Systems...
         [   40.034934] EXT4-fs (sda1): re-mounted. Opts: (null)
Starting Remount Root and Kernel File Systems...
[   40.087159] systemd[1]: Listening on Device-mapper event daemon FIFOs.
[[0;32m  OK  [0m] Listening on Device-mapper event daemon FIFOs.
[ 40164]ysmd]:Create slic stem-eria\xgety.sic
[[0;32m  OK  [0m] Created slice system-serial\x2dgetty.slice.
[ 40629]ysmd]:isni oLV mada em sck.
[[0;32m  OK  [0m] Listening on LVM2 metadata daemon socket.
[ 41540816]ysmd]:isenngn evonroSoke
[[0;32m  OK  [0m] Listening on udev Control Socket.
[  4.160 ste[1 Reacedtaget ap
[[0;32m  OK  [0m] Reached target Swap.
[   42.673927] systemd[1]: Starting Set console keymap...
         Starting Set console keymap...
[   42.765776] systemd[1]: Reached target Encrypted Volumes.
[[0;32m  OK  [0m] Reached target Encrypted Volumes.
[ 428509 ste[1 ReahetageUsr ndGrp meLoups.
[[0;32m  OK  [0m] Reached target User and Group Name Lookups.
[ 43546080] ysem1]Strt Tggeresvcf da f ntwkdNS
[[0;32m  OK  [0m] Started Trigger resolvconf update for networkd DNS.
[   44.326054] systemd[1]: Mounting Debug File System...
         Mounting Debug File System...
[   44.473792] systemd[1]: Starting Load Kernel Modules...
         [   44.510064] Loading iSCSI transport class v2.0-870.
Starting Load Kernel Modules...[   44.543685] iscsi: registered transport (tcp)

[   44.573816] systemd[1]: Starting Monitoring of LVM2 mirrors, snapshots etc. using dmeventd or progress polling...
         Starting Monitor[   44.605256] iscsi: registered transport (iser)
ing of LVM2 mirrors... dmeventd or progress polling...
[   44.627258] systemd[1]: Listening on Syslog Socket.
[[0;32m  OK  [0m] Listening on Syslog Socket.
[   44.658324] systemd[1]: Starting Create list of required static device nodes for the current kernel...
         Starting Create list of required st... nodes for the current kernel...
[   44.790421] systemd[1]: Listening on udev Kernel Socket.
[[0;32m  OK  [0m] Listening on udev Kernel Socket.
[   44.830322] systemd[1]: Listening on Journal Audit Socket.
[[0;32m  OK  [0m] Listening on Journal Audit Socket.
[   44.885858] systemd[1]: Mounting Huge Pages File System...
         Mounting Huge Pages File System...
[   44.982554] systemd[1]: Created slice User and Session Slice.
[[0;32m  OK  [0m] Created slice User and Session Slice.
[   45.134949] systemd[1]: Listening on /dev/initctl Compatibility Named Pipe.
[[0;32m  OK  [0m] Listening on /dev/initctl Compatibility Named Pipe.
[   45.270533] systemd[1]: Listening on Journal Socket (/dev/log).
[[0;32m  OK  [0m] Listening on Journal Socket (/dev/log).
[   45.490245] systemd[1]: Starting Journal Service...
         Starting Journal Service...
[   45.566311] systemd[1]: Set up automount Arbitrary Executable File Formats File System Automount Point.
[[0;32m  OK  [0m] Set up automount Arbitrary Executab...ats File System Automount Point.
[   45.628680] systemd[1]: Reached target Slices.
[[0;32m  OK  [0m] Reached target Slices.
[   45.666830] systemd[1]: Mounted Huge Pages File System.
[[0;32m  OK  [0m] Mounted Huge Pages File System.
[   45.782585] systemd[1]: Mounted Debug File System.
[[0;32m  OK  [0m] Mounted Debug File System.
[   45.930467] systemd[1]: Mounted POSIX Message Queue File System.
[[0;32m  OK  [0m] Mounted POSIX Message Queue File System.
[   45.970006] systemd[1]: Started Journal Service.
[[0;32m  OK  [0m] Started Journal Service.
[[0;32m  OK  [0m] Started Uncomplicated firewall.
[[0;32m  OK  [0m] Started Remount Root and Kernel File Systems.
[[0;32m  OK  [0m] Started Set console keymap.
[[0;32m  OK  [0m] Started Load Kernel Modules.
[[0;32m  OK  [0m] Started Create list of required sta...ce nodes for the current kernel.
[[0;32m  OK  [0m] Started Nameserver information manager.
[[0;32m  OK  [0m] Started LVM2 metadata daemon.
         Starting Create Static Device Nodes in /dev...
         Mounting FUSE Control File System...
         Starting Apply Kernel Variables...
         Starting Initial cloud-init job (pre-networking)...
         Starting Load/Save Random Seed...
         Starting udev Coldplug all Devices...
         Starting Flush Journal to Persistent Storage...
[[0;32m  OK  [0m] Mounted FUSE Control File System.
[[0;32m  OK  [0m] Started Monitoring of LVM2 mirrors,...ng dmeventd or progress polling.
[[0;32m  OK  [0m] Started Create Static Device Nodes in /dev.
[[0;32m  OK  [0m] Started Apply Kernel Variables.
[[0;32m  OK  [0m] Started Load/Save Random Seed.
[[0;32m  OK  [0m] Started Flush Journal to Persistent Storage.
[[0;32m  OK  [0m] Started udev Coldplug all Devices.
         Starting udev Kernel Device Manager...
[[0;32m  OK  [0m] Started udev Kernel Device Manager.
[[0;32m  OK  [0m] Started Dispatch Password Requests to Console Directory Watch.
[[0;32m  OK  [0m] Reached target Local File Systems (Pre).
[[0;32m  OK  [0m] Reached target Local File Systems.
         Starting Create Volatile Files and Directories...
         Starting Tell Plymouth To Write Out Runtime Data...
         Starting LSB: AppArmor initialization...
         Starting Set console font and keymap...
         Starting Commit a transient machine-id on disk...
[[0;32m  OK  [0m] Started Create Volatile Files and Directories.
[[0;32m  OK  [0m] Started Tell Plymouth To Write Out Runtime Data.
[   28.001036] cloud-init[452]: Cloud-init v. 17.1 running 'init-local' at Mon, 29 Jan 2018 13:54:48 +0000. Up 27.59 seconds.
[[0;32m  OK  [0m] Started Commit a transient machine-id on disk.
[[0;32m  OK  [0m] Started Initial cloud-init job (pre-networking).
[[0;32m  OK  [0m] Found device /dev/ttyS0.
[[0;32m  OK  [0m] Listening on Load/Save RF Kill Switch Status /dev/rfkill Watch.
[[0;32m  OK  [0m] Reached target Network (Pre).
[[0;32m  OK  [0m] Reached target System Time Synchronized.
         Starting Update UTMP about System Boot/Shutdown...
[[0;32m  OK  [0m] Started Set console font and keymap.
[[0;32m  OK  [0m] Started Update UTMP about System Boot/Shutdown.
[[0;32m  OK  [0m] Created slice system-getty.slice.
[[0;32m  OK  [0m] Started LSB: AppArmor initialization.
         Starting Raise network interfaces...
[[0;32m  OK  [0m] Started Raise network interfaces.
[[0;32m  OK  [0m] Reached target Network.
         Starting Initial cloud-init job (metadata service crawler)...
[   31.566654] cloud-init[941]: Cloud-init v. 17.1 running 'init' at Mon, 29 Jan 2018 13:54:51 +0000. Up 31.02 seconds.
[   31.604805] cloud-init[941]: ci-info: +++++++++++++++++++++++++++++++++++++Net device info++++++++++++++++++++++++++++++++++++++
[[   31.693426] cloud-init[941]: ci-info: +--------+------+----------------------------+---------------+-------+-------------------+
[0;32m  OK  [0m] Started Initial cloud-init job (metadata service crawler).
[   31.694008] cloud-init[941]: ci-info: | Device |  Up  |          Address           |      Mask     | Scope |     Hw-Address    |
[   31.985138] cloud-init[941]: ci-info: +--------+------+----------------------------+---------------+-------+-------------------+
[   31.985561] cloud-init[941]: ci-info: | enp0s3 | True |         10.0.2.15          | 255.255.255.0 |   .   | 02:1f:2a:60:99:e3 |
[[0;32m  OK  [0m] Reached target Cloud-config availability.
[   31.985822] cloud-init[941]: ci-info: | enp0s3 | True | fe80::1f:2aff:fe60:99e3/64 |       .       |  link | 02:1f:2a:60:99:e3 |
[   32.341549] cloud-init[941]: ci-info: |   lo   | True |         127.0.0.1          |   255.0.0.0   |   .   |         .         |
[[0;32m  OK  [0m] Reached target Network is Online.
[   32.341771] cloud-init[941]: ci-info: |   lo   | True |          ::1/128           |       .       |  host |         .         |
[   32.577392] cloud-init[941]: ci-info: +--------+------+----------------------------+---------------+-------+-------------------+
[   32.577810] cloud-init[941]: ci-info: +++++++++++++++++++++++++++Route IPv4 info++++++++++++++++++++++++++++
         Starting iSCSI initiator daemon (iscsid)...
[[   32.578005] cloud-init[941]: ci-info: +-------+-------------+----------+---------------+-----------+-------+
[   32.800801] cloud-init[941]: ci-info: | Route | Destination | Gateway  |    Genmask    | Interface | Flags |
[0;32m  OK  [0m] Reached target System Initialization.
[   32.800949] cloud-init[941]: ci-info: +-------+-------------+----------+---------------+-----------+-------+
[[0;32m  OK  [0m] Started Daily Cleanup of Temporary Directories.
[   32.988008] cloud-init[941]: ci-info: |   0   |   0.0.0.0   | 10.0.2.2 |    0.0.0.0    |   enp0s3  |   UG  |
[   33.048872] cloud-init         [941]: Starting Socket activation for snappy daemon.ci-info: |   1   |   10.0.2.0  | 0.0.0.0  | 255.255.255.0 |   enp0s3  |   U   |

[   33.049220] cloud-init[941]: ci-info: +-------+-------------+----------+---------------+-----------+-------+
[[0;32m  OK  [0m] Listening on UUID daemon activation socket.
[   33.168623] cloud-init[941]: Generating public/private rsa key pair.
[[   33.196299] cloud-init[941]: Your identification has been saved in /etc/ssh/ssh_host_rsa_key.
[0;32m  OK  [0m] Listening on ACPID Listen Socket.
[   33.196983] cloud-init[941]: Your public key has been saved in /etc/ssh/ssh_host_rsa_key.pub.
[   33.228093] cloud-init[941]: The key fingerprint is:
[   33.228364] cloud-init[941]: SHA256:R6svj58/hU2dYqXL5AnxjpYHp88328IUDgm50tDd7SA root@ubuntu-xenial
         Starting LXD - unix socket.
[   33.228585] cloud-init[941]: The key's randomart image is:
[   33.361425] cloud-init[941]: +---[RSA 2048]----+
[[0;32m  OK  [0m] Listening on D-Bus System Message Bus Socket.
[   33.361551] cloud-init[941]: |         . o . . |
[[   33.581490] cloud-init[941]: |        . +.E o..|
[0;32m  OK  [0m] Started Timer to automatically refresh installed snaps.
[   33.582615] cloud-init[941]: |         o.oooo+.|
[   33.725415] cloud-init[941]: |        ..o+oBo.o|
[[0;32m  OK  [0m] Started Daily apt download activities.
[   33.725591] cloud-init[941]: |        S.o &*+. |
[   33.888701] cloud-init[941]: |         o =.B=  |
[[0;32m  OK  [0m] Started Daily apt upgrade and clean activities.
[   33.888856] cloud-init[941]: |        . . ++   |
[   34.045244] cloud-init[941]: |        .o ..ooo.|
[[0;32m  OK  [0m] Reached target Timers.
[   34.045385] cloud-init[941]: |        .+=....o+|
[   34.200707] cloud-init[941]: +----[SHA256]-----+
[   34.201185] cloud-init[941]: Generating public/private dsa key pair.
[[0;32m  OK  [0m] Started ACPI Events Check.
[   34.201448] cloud-init[941]: Your identification has been saved in /etc/ssh/ssh_host_dsa_key.
[   34.337041] cloud-init[941]: Your public key has been saved in /etc/ssh/ssh_host_dsa_key.pub.
[[0;32m  OK  [0m] Reached target Paths.
[   34.337311] cloud-init[941]: The key fingerprint is:
[   34.633462] cloud-init[941]: SHA256:pXERTPvrJX8uxzA/9YzWDPVKElD1M/g78YUeVIQ8kz8 root@ubuntu-xenial
[[0;32m  OK  [0m] Listening on Socket activation for snappy daemon.
[   34.634235] cloud-init[941]: The key's randomart image is:
[   34.821207] cloud-init[941]: +---[DSA 1024]----+
[[0;32m  OK  [0m] Listening on LXD - unix socket.
[   34.821324] cloud-init[941]: |         o+o.o.+o|
[   34.943188] cloud-init[941]: |          oo  Bo |
[[0;32m  OK  [0m] Started iSCSI initiator daemon (iscsid).
[   34.943291] cloud-init[941]: |        . +. ..*.|
[   35.112561] cloud-init[941]: |         = ....E=|
[   35.112813] cloud-init[941]: |        S   ..o++|
         Starting Login to default iSCSI targets...
[   35.112947] cloud-init[941]: |            .o=.B|
[   35.249228] cloud-init[941]: |            ooo#+|
[[0;32m  OK  [0m] Reached target Sockets.
[   35.249417] cloud-init[941]: |           . +=.@|
[   35.409017] cloud-init[941]: |            ...=o|
[[0;32m  OK  [0m] Reached target Basic System.
[   35.409302] cloud-init[941]: +----[SHA256]-----+
[   35.552583] cloud-init[941]: Generating public/private ecdsa key pair.
[   35.552866] cloud-init[941]: Your identification has been saved in /etc/ssh/ssh_host_ecdsa_key.
         Starting Login Service...
[   35.553052] cloud-init[941]: Your public key has been saved in /etc/ssh/ssh_host_ecdsa_key.pub.
[   35.849032] cloud-init[941]: The key fingerprint is:
[   35.849486] cloud-init[941]: SHA256:fKfO69H/u7kcMUxyfx+Nbf8fGc8Rin8Jd1Qi6vnxc9w root@ubuntu-xenial
[[0;32m  OK  [0m] Started Deferred execution scheduler.
[   35.849599] cloud-init[941]: The key's randomart image is:
[   36.048817] cloud-init[941]: +---[ECDSA 256]---+
[   36.072453] cloud-init[941]: |            . . .|
[   36.072804] cloud-init[941]: |           . . ..|
         Starting LSB: MD monitoring daemon...
[   36.072930] cloud-init[941]: |          .  . +.|
[   36.220852] cloud-init[941]: |       . . .. *++|
[   36.222106] cloud-init[941]: |        S +.oo.OB|
         Starting LXD - container startup/shutdown...
[   36.222579] cloud-init[941]: |         . =.oo+/|
[   36.284288] cloud-init[941]: |          o o.o*E|
[   36.326585] cloud-init[941]: |         o . .oo=|
[   36.326791] cloud-init[941]: |         .=.  .BO|
         Starting Pollinate to seed the pseudo random number generator...
[   36.326887] cloud-init[941]: +----[SHA256]-----+
[   36.448898] cloud-init[941]: Generating public/private ed25519 key pair.
[[0;32m  OK  [0m] Started D-Bus System Message Bus.
[   36.450691] cloud-init[941]: Your identification has been saved in /etc/ssh/ssh_host_ed25519_key.
[   36.540216] cloud-init[941]: Your public key has been saved in /etc/ssh/ssh_host_ed25519_key.pub.
[   36.540570] cloud-init[941]: The key fingerprint is:
         Starting /etc/rc.local Compatibility...
[   36.540714] cloud-init[941]: SHA256:O4ohmerWyg+hTTJqvS22LqoL5EsZKyMBigAZ78srVGk root@ubuntu-xenial
[   36.720452] cloud-init[941]: The key's randomart image is:
[   36.720818] cloud-init[941]: +--[ED25519 256]--+
[[0;32m  OK  [0m] Started FUSE filesystem for LXC.
[   36.720973] cloud-init[941]: |oo               |
[   36.888805] cloud-init[941]: |o.               |
[   36.889063] cloud-init[941]: |o . .            |
         Starting Apply the settings specified in cloud-config...
[   36.889217] cloud-init[941]: |=. E             |
[   37.020380] cloud-init[941]: |*+=     S        |
[   37.020590] cloud-init[941]: |=O*+     .       |
         Starting Accounts Service...
[   37.020741] cloud-init[941]: |OBO..   o        |
[   37.164358] cloud-init[941]: |O=o*oo . .       |
         Starting LSB: Record successful boot for GRUB...
[   37.165123] cloud-init[941]: |XBB=+..          |
[   37.270839] cloud-init[941]: +----[SHA256]-----+
[[0;32m  OK  [0m] Started Regular background program processing daemon.
[   37.311487] cloud-init[1117]: Generating locales (this might take a while)...
         Starting System Logging Service...
[[0;32m  OK  [0m] Started Unattended Upgrades Shutdown.
[[0;32m  OK  [0m] Started ACPI event daemon.
         Starting Snappy daemon...
[[0;32m  OK  [0m] Started System Logging Service.
[[0;32m  OK  [0m] Started LXD - container startup/shutdown.
[[0;32m  OK  [0m] Started Pollinate to seed the pseudo random number generator.
[[0;32m  OK  [0m] Started /etc/rc.local Compatibility.
[[0;32m  OK  [0m] Started Snappy daemon.
[[0;32m  OK  [0m] Started LSB: MD monitoring daemon.
[[0;32m  OK  [0m] Started Login to default iSCSI targets.
[[0;32m  OK  [0m] Started LSB: Record successful boot for GRUB.
[[0;32m  OK  [0m] Started Login Service.
         Starting Authenticate and Authorize Users to Run Privileged Tasks...
[[0;32m  OK  [0m] Reached target Remote File Systems (Pre).
[[0;32m  OK  [0m] Reached target Remote File Systems.
[   38.038045] cloud-init[1117]:   en_US.UTF-8... done
[   38.084536] cloud-init[1117]: Generation complete.
         Starting LSB: Set the CPU Frequency Scaling governor to "ondemand"...
         Starting LSB: daemon to balance interrupts for SMP systems...
         Starting LSB: automatic crash report generation...
         Starting LSB: VirtualBox Linux Additions...
         Starting Permit User Sessions...
         Starting OpenBSD Secure Shell server...
[[0;32m  OK  [0m] Started Permit User Sessions.
[[0;32m  OK  [0m] Started Authenticate and Authorize Users to Run Privileged Tasks.
[[0;32m  OK  [0m] Started Accounts Service.
[[0;32m  OK  [0m] Started LSB: Set the CPU Frequency Scaling governor to "ondemand".
[[0;32m  OK  [0m] Started OpenBSD Secure Shell server.
         Starting Terminate Plymouth Boot Screen...
         Starting Hold until boot process finishes up...
[[0;32m  OK  [0m] Started LSB: daemon to balance interrupts for SMP systems.
[[0;32m  OK  [0m] Started LSB: automatic crash report generation.
[[0;32m  OK  [0m] Started LSB: VirtualBox Linux Additions.
[[0;32m  OK  [0m] Started Terminate Plymouth Boot Screen.
[[0;32m  OK  [0m] Started Hold until boot process finishes up.
[[0;32m  OK  [0m] Started Apply the settings specified in cloud-config.
[   38.560335] cloud-init[1117]: Cloud-init v. 17.1 running 'modules:config' at Mon, 29 Jan 2018 13:54:57 +0000. Up 37.11 seconds.
[[0;32m  OK  [0m] Created slice User Slice of vagrant.
[[0;32m  OK  [0m] Started Session 1 of user vagrant.
         Starting User Manager for UID 1000...
         Starting Set console scheme...
[[0;32m  OK  [0m] Started Serial Getty on ttyS0.
[[0;32m  OK  [0m] Started Getty on tty1.
[[0;32m  OK  [0m] Reached target Login Prompts.
[[0;32m  OK  [0m] Reached target Multi-User System.
         Starting Execute cloud user/final scripts...
[[0;32m  OK  [0m] Reached target Graphical Interface.
         Starting Update UTMP about System Runlevel Changes...
[[0;32m  OK  [0m] Started User Manager for UID 1000.
[[0;32m  OK  [0m] Started Set console scheme.
[[0;32m  OK  [0m] Started Update UTMP about System Runlevel Changes.
ci-info: no authorized ssh keys fingerprints found for user ubuntu.
<14>Jan 29 13:55:00 ec2: 
<14>Jan 29 13:55:00 ec2: #############################################################
<14>Jan 29 13:55:00 ec2: -----BEGIN SSH HOST KEY FINGERPRINTS-----
<14>Jan 29 13:55:00 ec2: 1024 SHA256:pXERTPvrJX8uxzA/9YzWDPVKElD1M/g78YUeVIQ8kz8 root@ubuntu-xenial (DSA)
<14>Jan 29 13:55:00 ec2: 256 SHA256:fKfO69H/u7kcMUxyfx+Nbf8fGc8Rin8Jd1Qi6vnxc9w root@ubuntu-xenial (ECDSA)
<14>Jan 29 13:55:00 ec2: 256 SHA256:O4ohmerWyg+hTTJqvS22LqoL5EsZKyMBigAZ78srVGk root@ubuntu-xenial (ED25519)
<14>Jan 29 13:55:00 ec2: 2048 SHA256:R6svj58/hU2dYqXL5AnxjpYHp88328IUDgm50tDd7SA root@ubuntu-xenial (RSA)
<14>Jan 29 13:55:00 ec2: -----END SSH HOST KEY FINGERPRINTS-----
<14>Jan 29 13:55:00 ec2: #############################################################
-----BEGIN SSH HOST KEY KEYS-----
ecdsa-sha2-nistp256 AAAAE2VjZHNhLXNoYTItbmlzdHAyNTYAAAAIbmlzdHAyNTYAAABBBKmBiVSVQyB/xfbNb8MLDla5BC1FwTbbf0fS1eTFQdiEMaH/kS38POeU1Sr7HFpZi4n8V36V/1XEIIcsY4OBNxA= root@ubuntu-xenial
ssh-ed25519 AAAAC3NzaC1lZDI1NTE5AAAAINqv5601pba7SKpMVrLx6hE4nPRISLbPOO88ayk3QTD1 root@ubuntu-xenial
ssh-rsa AAAAB3NzaC1yc2EAAAADAQABAAABAQCg+JhylfLajzW5ITOTT/43O5dANuF49iVUqwhjOUkGwE6Sm1CcpmYCM11UUnCudjssgkAhAA00QKIvplDpUKhu6VZrjFmRCUmhip2NhipdWzStRJdAli0Nw+X65qvc/BDM8tWWqOpEfM+Q4uTWRSc1iAQYFl1uRXSIHS9zBFXhQ1I+3f70KlJs6VAxwYMJwdEzsZjReIGQOvA9l+i8+1zqgWy9ZApflGYrdr6KxbPjsEzBm4RmV6Rtr3rYIzVDxIXByjkJCQ0Vq5fVABct23W5oETn/IWw4cbbNYaqVUpml/FRtm+itGdLbj+zCcqV7VgipnwaQ78d2nEGl3aBQ+bZ root@ubuntu-xenial
-----END SSH HOST KEY KEYS-----
[   39.811887] cloud-init[1296]: Cloud-init v. 17.1 running 'modules:final' at Mon, 29 Jan 2018 13:54:59 +0000. Up 39.39 seconds.
[   39.824750] cloud-init[1296]: ci-info: no authorized ssh keys fingerprints found for user ubuntu.
[   39.848517] cloud-init[1296]: Cloud-init v. 17.1 finished at Mon, 29 Jan 2018 13:55:00 +0000. Datasource DataSourceNoCloud [seed=/dev/sdb][dsmode=net].  Up 39.79 seconds
[[0;32m  OK  [0m] Started Execute cloud user/final scripts.
[[0;32m  OK  [0m] Reached target Cloud-init target.

Ubuntu 16.04.3 LTS ubuntu-xenial ttyS0

ubuntu-xenial login: 